# JRE version: OpenJDK Runtime Environment (21.0.4) (build 21.0.4+-12508038-b607.1)
# Java VM: OpenJDK 64-Bit Server VM (21.0.4+-12508038-b607.1, mixed mode, tiered, compressed oops, compressed class ptrs, g1 gc, windows-amd64)
GC Precious Log:
 CardTable entry size: 512
 Card Set container configuration: InlinePtr #cards 5 size 8 Array Of Cards #cards 12 size 40 Howl #buckets 4 coarsen threshold 1843 Howl Bitmap #cards 512 size 80 coarsen threshold 460 Card regions per heap region 1 cards per card region 2048
 CPUs: 12 total, 12 available
 Memory: 16085M
 Large Page Support: Disabled
 NUMA Support: Disabled
 Compressed Oops: Enabled (32-bit)
 Heap Region Size: 1M
 Heap Min Capacity: 8M
 Heap Initial Capacity: 252M
 Heap Max Capacity: 2G
 Pre-touch: Disabled
 Parallel Workers: 10
 Concurrent Workers: 3
 Concurrent Refinement Workers: 10
 Periodic GC: Disabled
Heap:
 garbage-first heap   total 196608K, used 132396K [0x0000000080000000, 0x0000000100000000)
  region size 1024K, 45 young (46080K), 5 survivors (5120K)
 Metaspace       used 90699K, committed 92544K, reserved 1179648K
  class space    used 12131K, committed 13056K, reserved 1048576K
GC Heap History (20 events):
Event: 4.890 GC heap before
{Heap before GC invocations=14 (full 0):
 garbage-first heap   total 102400K, used 89002K [0x0000000080000000, 0x0000000100000000)
  region size 1024K, 53 young (54272K), 7 survivors (7168K)
 Metaspace       used 65149K, committed 66752K, reserved 1114112K
  class space    used 8902K, committed 9728K, reserved 1048576K
}
Event: 4.896 GC heap after
{Heap after GC invocations=15 (full 0):
 garbage-first heap   total 102400K, used 46152K [0x0000000080000000, 0x0000000100000000)
  region size 1024K, 5 young (5120K), 5 survivors (5120K)
 Metaspace       used 65149K, committed 66752K, reserved 1114112K
  class space    used 8902K, committed 9728K, reserved 1048576K
}
Event: 5.034 GC heap before
{Heap before GC invocations=15 (full 0):
 garbage-first heap   total 102400K, used 89160K [0x0000000080000000, 0x0000000100000000)
  region size 1024K, 48 young (49152K), 5 survivors (5120K)
 Metaspace       used 65407K, committed 67008K, reserved 1114112K
  class space    used 8903K, committed 9728K, reserved 1048576K
}
Event: 5.037 GC heap after
{Heap after GC invocations=16 (full 0):
 garbage-first heap   total 122880K, used 47308K [0x0000000080000000, 0x0000000100000000)
  region size 1024K, 4 young (4096K), 4 survivors (4096K)
 Metaspace       used 65407K, committed 67008K, reserved 1114112K
  class space    used 8903K, committed 9728K, reserved 1048576K
}
Event: 5.209 GC heap before
{Heap before GC invocations=16 (full 0):
 garbage-first heap   total 122880K, used 107724K [0x0000000080000000, 0x0000000100000000)
  region size 1024K, 64 young (65536K), 4 survivors (4096K)
 Metaspace       used 65525K, committed 67200K, reserved 1114112K
  class space    used 8903K, committed 9728K, reserved 1048576K
}
Event: 5.212 GC heap after
{Heap after GC invocations=17 (full 0):
 garbage-first heap   total 122880K, used 48517K [0x0000000080000000, 0x0000000100000000)
  region size 1024K, 5 young (5120K), 5 survivors (5120K)
 Metaspace       used 65525K, committed 67200K, reserved 1114112K
  class space    used 8903K, committed 9728K, reserved 1048576K
}
Event: 5.713 GC heap before
{Heap before GC invocations=18 (full 0):
 garbage-first heap   total 122880K, used 121221K [0x0000000080000000, 0x0000000100000000)
  region size 1024K, 62 young (63488K), 5 survivors (5120K)
 Metaspace       used 68595K, committed 70336K, reserved 1114112K
  class space    used 9324K, committed 10176K, reserved 1048576K
}
Event: 5.718 GC heap after
{Heap after GC invocations=19 (full 0):
 garbage-first heap   total 136192K, used 71020K [0x0000000080000000, 0x0000000100000000)
  region size 1024K, 9 young (9216K), 9 survivors (9216K)
 Metaspace       used 68595K, committed 70336K, reserved 1114112K
  class space    used 9324K, committed 10176K, reserved 1048576K
}
Event: 6.053 GC heap before
{Heap before GC invocations=19 (full 0):
 garbage-first heap   total 136192K, used 118124K [0x0000000080000000, 0x0000000100000000)
  region size 1024K, 55 young (56320K), 9 survivors (9216K)
 Metaspace       used 73833K, committed 75584K, reserved 1114112K
  class space    used 9841K, committed 10688K, reserved 1048576K
}
Event: 6.058 GC heap after
{Heap after GC invocations=20 (full 0):
 garbage-first heap   total 136192K, used 72300K [0x0000000080000000, 0x0000000100000000)
  region size 1024K, 2 young (2048K), 2 survivors (2048K)
 Metaspace       used 73833K, committed 75584K, reserved 1114112K
  class space    used 9841K, committed 10688K, reserved 1048576K
}
Event: 6.312 GC heap before
{Heap before GC invocations=20 (full 0):
 garbage-first heap   total 136192K, used 104044K [0x0000000080000000, 0x0000000100000000)
  region size 1024K, 34 young (34816K), 2 survivors (2048K)
 Metaspace       used 77866K, committed 79680K, reserved 1179648K
  class space    used 10423K, committed 11328K, reserved 1048576K
}
Event: 6.315 GC heap after
{Heap after GC invocations=21 (full 0):
 garbage-first heap   total 163840K, used 74688K [0x0000000080000000, 0x0000000100000000)
  region size 1024K, 4 young (4096K), 4 survivors (4096K)
 Metaspace       used 77866K, committed 79680K, reserved 1179648K
  class space    used 10423K, committed 11328K, reserved 1048576K
}
Event: 6.328 GC heap before
{Heap before GC invocations=21 (full 0):
 garbage-first heap   total 163840K, used 79808K [0x0000000080000000, 0x0000000100000000)
  region size 1024K, 9 young (9216K), 4 survivors (4096K)
 Metaspace       used 77866K, committed 79680K, reserved 1179648K
  class space    used 10423K, committed 11328K, reserved 1048576K
}
Event: 6.332 GC heap after
{Heap after GC invocations=22 (full 0):
 garbage-first heap   total 163840K, used 77487K [0x0000000080000000, 0x0000000100000000)
  region size 1024K, 6 young (6144K), 6 survivors (6144K)
 Metaspace       used 77866K, committed 79680K, reserved 1179648K
  class space    used 10423K, committed 11328K, reserved 1048576K
}
Event: 6.712 GC heap before
{Heap before GC invocations=23 (full 0):
 garbage-first heap   total 163840K, used 129711K [0x0000000080000000, 0x0000000100000000)
  region size 1024K, 53 young (54272K), 6 survivors (6144K)
 Metaspace       used 80902K, committed 82752K, reserved 1179648K
  class space    used 10840K, committed 11776K, reserved 1048576K
}
Event: 6.717 GC heap after
{Heap after GC invocations=24 (full 0):
 garbage-first heap   total 163840K, used 79964K [0x0000000080000000, 0x0000000100000000)
  region size 1024K, 6 young (6144K), 6 survivors (6144K)
 Metaspace       used 80902K, committed 82752K, reserved 1179648K
  class space    used 10840K, committed 11776K, reserved 1048576K
}
Event: 7.144 GC heap before
{Heap before GC invocations=24 (full 0):
 garbage-first heap   total 163840K, used 135260K [0x0000000080000000, 0x0000000100000000)
  region size 1024K, 56 young (57344K), 6 survivors (6144K)
 Metaspace       used 86080K, committed 87872K, reserved 1179648K
  class space    used 11498K, committed 12416K, reserved 1048576K
}
Event: 7.151 GC heap after
{Heap after GC invocations=25 (full 0):
 garbage-first heap   total 163840K, used 87341K [0x0000000080000000, 0x0000000100000000)
  region size 1024K, 7 young (7168K), 7 survivors (7168K)
 Metaspace       used 86080K, committed 87872K, reserved 1179648K
  class space    used 11498K, committed 12416K, reserved 1048576K
}
Event: 7.499 GC heap before
{Heap before GC invocations=25 (full 0):
 garbage-first heap   total 163840K, used 136493K [0x0000000080000000, 0x0000000100000000)
  region size 1024K, 55 young (56320K), 7 survivors (7168K)
 Metaspace       used 88092K, committed 89984K, reserved 1179648K
  class space    used 11772K, committed 12736K, reserved 1048576K
}
Event: 7.504 GC heap after
{Heap after GC invocations=26 (full 0):
 garbage-first heap   total 196608K, used 92460K [0x0000000080000000, 0x0000000100000000)
  region size 1024K, 5 young (5120K), 5 survivors (5120K)
 Metaspace       used 88092K, committed 89984K, reserved 1179648K
  class space    used 11772K, committed 12736K, reserved 1048576K
}

