# JRE version: OpenJDK Runtime Environment (21.0.4) (build 21.0.4+-12508038-b607.1)
# Java VM: OpenJDK 64-Bit Server VM (21.0.4+-12508038-b607.1, mixed mode, tiered, compressed oops, compressed class ptrs, g1 gc, windows-amd64)
GC Precious Log:
 CardTable entry size: 512
 Card Set container configuration: InlinePtr #cards 5 size 8 Array Of Cards #cards 12 size 40 Howl #buckets 4 coarsen threshold 1843 Howl Bitmap #cards 512 size 80 coarsen threshold 460 Card regions per heap region 1 cards per card region 2048
 CPUs: 12 total, 12 available
 Memory: 16085M
 Large Page Support: Disabled
 NUMA Support: Disabled
 Compressed Oops: Enabled (32-bit)
 Heap Region Size: 1M
 Heap Min Capacity: 8M
 Heap Initial Capacity: 252M
 Heap Max Capacity: 2G
 Pre-touch: Disabled
 Parallel Workers: 10
 Concurrent Workers: 3
 Concurrent Refinement Workers: 10
 Periodic GC: Disabled
Heap:
 garbage-first heap   total 181248K, used 120139K [0x0000000080000000, 0x0000000100000000)
  region size 1024K, 6 young (6144K), 5 survivors (5120K)
 Metaspace       used 118411K, committed 120512K, reserved 1179648K
  class space    used 15960K, committed 17024K, reserved 1048576K
GC Heap History (20 events):
Event: 8.238 GC heap before
{Heap before GC invocations=24 (full 0):
 garbage-first heap   total 147456K, used 85694K [0x0000000080000000, 0x0000000100000000)
  region size 1024K, 6 young (6144K), 4 survivors (4096K)
 Metaspace       used 89280K, committed 91072K, reserved 1179648K
  class space    used 11867K, committed 12736K, reserved 1048576K
}
Event: 8.240 GC heap after
{Heap after GC invocations=25 (full 0):
 garbage-first heap   total 147456K, used 84639K [0x0000000080000000, 0x0000000100000000)
  region size 1024K, 4 young (4096K), 4 survivors (4096K)
 Metaspace       used 89280K, committed 91072K, reserved 1179648K
  class space    used 11867K, committed 12736K, reserved 1048576K
}
Event: 8.629 GC heap before
{Heap before GC invocations=26 (full 0):
 garbage-first heap   total 150528K, used 137887K [0x0000000080000000, 0x0000000100000000)
  region size 1024K, 52 young (53248K), 4 survivors (4096K)
 Metaspace       used 93192K, committed 95040K, reserved 1179648K
  class space    used 12394K, committed 13312K, reserved 1048576K
}
Event: 8.633 GC heap after
{Heap after GC invocations=27 (full 0):
 garbage-first heap   total 150528K, used 91645K [0x0000000080000000, 0x0000000100000000)
  region size 1024K, 7 young (7168K), 7 survivors (7168K)
 Metaspace       used 93192K, committed 95040K, reserved 1179648K
  class space    used 12394K, committed 13312K, reserved 1048576K
}
Event: 8.885 GC heap before
{Heap before GC invocations=27 (full 0):
 garbage-first heap   total 150528K, used 133629K [0x0000000080000000, 0x0000000100000000)
  region size 1024K, 48 young (49152K), 7 survivors (7168K)
 Metaspace       used 94402K, committed 96256K, reserved 1179648K
  class space    used 12543K, committed 13440K, reserved 1048576K
}
Event: 8.890 GC heap after
{Heap after GC invocations=28 (full 0):
 garbage-first heap   total 150528K, used 94535K [0x0000000080000000, 0x0000000100000000)
  region size 1024K, 6 young (6144K), 6 survivors (6144K)
 Metaspace       used 94402K, committed 96256K, reserved 1179648K
  class space    used 12543K, committed 13440K, reserved 1048576K
}
Event: 9.084 GC heap before
{Heap before GC invocations=28 (full 0):
 garbage-first heap   total 150528K, used 123207K [0x0000000080000000, 0x0000000100000000)
  region size 1024K, 35 young (35840K), 6 survivors (6144K)
 Metaspace       used 96604K, committed 98496K, reserved 1179648K
  class space    used 12850K, committed 13760K, reserved 1048576K
}
Event: 9.088 GC heap after
{Heap after GC invocations=29 (full 0):
 garbage-first heap   total 181248K, used 97267K [0x0000000080000000, 0x0000000100000000)
  region size 1024K, 2 young (2048K), 2 survivors (2048K)
 Metaspace       used 96604K, committed 98496K, reserved 1179648K
  class space    used 12850K, committed 13760K, reserved 1048576K
}
Event: 9.730 GC heap before
{Heap before GC invocations=30 (full 0):
 garbage-first heap   total 181248K, used 163827K [0x0000000080000000, 0x0000000100000000)
  region size 1024K, 66 young (67584K), 2 survivors (2048K)
 Metaspace       used 101500K, committed 103424K, reserved 1179648K
  class space    used 13719K, committed 14656K, reserved 1048576K
}
Event: 9.733 GC heap after
{Heap after GC invocations=31 (full 0):
 garbage-first heap   total 181248K, used 99035K [0x0000000080000000, 0x0000000100000000)
  region size 1024K, 4 young (4096K), 4 survivors (4096K)
 Metaspace       used 101500K, committed 103424K, reserved 1179648K
  class space    used 13719K, committed 14656K, reserved 1048576K
}
Event: 10.242 GC heap before
{Heap before GC invocations=31 (full 0):
 garbage-first heap   total 181248K, used 164571K [0x0000000080000000, 0x0000000100000000)
  region size 1024K, 68 young (69632K), 4 survivors (4096K)
 Metaspace       used 106324K, committed 108352K, reserved 1179648K
  class space    used 14414K, committed 15424K, reserved 1048576K
}
Event: 10.247 GC heap after
{Heap after GC invocations=32 (full 0):
 garbage-first heap   total 181248K, used 101253K [0x0000000080000000, 0x0000000100000000)
  region size 1024K, 8 young (8192K), 8 survivors (8192K)
 Metaspace       used 106324K, committed 108352K, reserved 1179648K
  class space    used 14414K, committed 15424K, reserved 1048576K
}
Event: 10.748 GC heap before
{Heap before GC invocations=32 (full 0):
 garbage-first heap   total 181248K, used 161669K [0x0000000080000000, 0x0000000100000000)
  region size 1024K, 67 young (68608K), 8 survivors (8192K)
 Metaspace       used 111749K, committed 113728K, reserved 1179648K
  class space    used 15152K, committed 16128K, reserved 1048576K
}
Event: 10.754 GC heap after
{Heap after GC invocations=33 (full 0):
 garbage-first heap   total 181248K, used 104641K [0x0000000080000000, 0x0000000100000000)
  region size 1024K, 8 young (8192K), 8 survivors (8192K)
 Metaspace       used 111749K, committed 113728K, reserved 1179648K
  class space    used 15152K, committed 16128K, reserved 1048576K
}
Event: 11.248 GC heap before
{Heap before GC invocations=34 (full 0):
 garbage-first heap   total 181248K, used 165057K [0x0000000080000000, 0x0000000100000000)
  region size 1024K, 63 young (64512K), 8 survivors (8192K)
 Metaspace       used 116273K, committed 118400K, reserved 1179648K
  class space    used 15675K, committed 16768K, reserved 1048576K
}
Event: 11.256 GC heap after
{Heap after GC invocations=35 (full 0):
 garbage-first heap   total 181248K, used 110345K [0x0000000080000000, 0x0000000100000000)
  region size 1024K, 8 young (8192K), 8 survivors (8192K)
 Metaspace       used 116273K, committed 118400K, reserved 1179648K
  class space    used 15675K, committed 16768K, reserved 1048576K
}
Event: 11.614 GC heap before
{Heap before GC invocations=35 (full 0):
 garbage-first heap   total 181248K, used 162569K [0x0000000080000000, 0x0000000100000000)
  region size 1024K, 59 young (60416K), 8 survivors (8192K)
 Metaspace       used 117039K, committed 119168K, reserved 1179648K
  class space    used 15750K, committed 16832K, reserved 1048576K
}
Event: 11.621 GC heap after
{Heap after GC invocations=36 (full 0):
 garbage-first heap   total 181248K, used 115902K [0x0000000080000000, 0x0000000100000000)
  region size 1024K, 6 young (6144K), 6 survivors (6144K)
 Metaspace       used 117039K, committed 119168K, reserved 1179648K
  class space    used 15750K, committed 16832K, reserved 1048576K
}
Event: 12.028 GC heap before
{Heap before GC invocations=36 (full 0):
 garbage-first heap   total 181248K, used 160958K [0x0000000080000000, 0x0000000100000000)
  region size 1024K, 52 young (53248K), 6 survivors (6144K)
 Metaspace       used 118018K, committed 120128K, reserved 1179648K
  class space    used 15935K, committed 17024K, reserved 1048576K
}
Event: 12.032 GC heap after
{Heap after GC invocations=37 (full 0):
 garbage-first heap   total 181248K, used 118091K [0x0000000080000000, 0x0000000100000000)
  region size 1024K, 5 young (5120K), 5 survivors (5120K)
 Metaspace       used 118018K, committed 120128K, reserved 1179648K
  class space    used 15935K, committed 17024K, reserved 1048576K
}

